[+] Debug:		 Using log at /home/runner/work/.vim/.vim/install.log
[+] Debug:		 Creating dir /home/runner/.local/bin
[+] Debug:		 Creating dir /home/runner/.local/lib
[+] Debug:		 Using https://github.com/mike325
[+] Debug:		 Protocol      : https
[+] Debug:		 User          : mike325
[+] Debug:		 Host          : github.com
[+] Debug:		 Backup Enable : 0
[+] Debug:		 Log Disable   : 0
[+] Debug:		 Current Shell : bash
[+] Debug:		 Platform      : linux
[+] Debug:		 OS Name       : ubuntu
[+] Debug:		 Architecture  : x86_64
[*] Info:		 Installing dotfiles in /home/runner/.local/dotfiles
[+] Debug:		 Removing /home/runner/.local/dotfiles
[+] Debug:		 Cloning https://github.com/mike325/dotfiles into /home/runner/.local/dotfiles
[*] Info:		 Forcing Neovim install
[*] Info:		 Getting Neovim
[*] Info:		 Checking portable programs
[*] Info:		 Forcing FZF install
[*] Info:		 Getting FZF
[+] Debug:		 Removing /home/runner/.fzf
[+] Debug:		 Cloning https://github.com/junegunn/fzf into /home/runner/.fzf
[*] Info:		 Forcing lazygit install
[*] Info:		 Getting lazygit
[*] Info:		 Downloading lazygit version: v0.32.2
[+] Debug:		 Fetching https://github.com/jesseduffield/lazygit/releases/download/v0.32.2/lazygit_0.32.2_Linux_x86_64.tar.gz
[+] Debug:		 Removing /tmp//lazygit.tar.gz
[+] Debug:		 Downloading lazygit
[+] Debug:		 Extracting into /tmp//lazygit.tar.gz
[+] Debug:		 Cleanning up pkg /tmp//lazygit.tar.gz
[*] Info:		 Forcing bat install
[*] Info:		 Getting bat
[*] Info:		 Downloading bat version: v0.19.0
[+] Debug:		 Fetching https://github.com/sharkdp/bat/releases/download/v0.19.0/bat-v0.19.0-x86_64-unknown-linux-musl.tar.gz
[+] Debug:		 Removing /tmp//bat.tar.xz
[+] Debug:		 Downloading Bat
[+] Debug:		 Extracting into /tmp//bat.tar.xz
[+] Debug:		 Cleanning up pkg /tmp//bat.tar.xz
[+] Debug:		 Cleanning up data /tmp//bat-v0.19.0-x86_64-unknown-linux-musl
[*] Info:		 Forcing delta install
[*] Info:		 Getting delta
[*] Info:		 Downloading delta version: 0.9.2
[+] Debug:		 Fetching https://github.com/dandavison/delta/releases/download/0.9.2/delta-0.9.2-x86_64-unknown-linux-musl.tar.gz
[+] Debug:		 Removing /tmp//delta.tar.gz
[+] Debug:		 Downloading delta
[+] Debug:		 Extracting into /tmp//delta.tar.gz
[+] Debug:		 Cleanning up pkg /tmp//delta.tar.gz
[+] Debug:		 Cleanning up data /tmp//delta-0.9.2-x86_64-unknown-linux-musl
[*] Info:		 Forcing rg install
[*] Info:		 Getting rg
[*] Info:		 Downloading rg version: 13.0.0
[+] Debug:		 Fetching https://github.com/BurntSushi/ripgrep/releases/download/13.0.0/ripgrep-13.0.0-x86_64-unknown-linux-musl.tar.gz
[+] Debug:		 Removing /tmp//rg.tar.xz
[+] Debug:		 Downloading Ripgrep
[+] Debug:		 Extracting into /tmp//rg.tar.xz
[+] Debug:		 Cleanning up pkg /tmp//rg.tar.xz
[+] Debug:		 Cleanning up data /tmp//ripgrep-13.0.0-x86_64-unknown-linux-musl
[*] Info:		 Forcing fd install
[*] Info:		 Getting fd
[*] Info:		 Downloading fd version: v8.3.2
[+] Debug:		 Fetching https://github.com/sharkdp/fd/releases/download/v8.3.2/fd-v8.3.2-x86_64-unknown-linux-musl.tar.gz
[+] Debug:		 Removing /tmp//fd.tar.xz
[+] Debug:		 Downloading Fd
[+] Debug:		 Extracting into /tmp//fd.tar.xz
[+] Debug:		 Cleanning up pkg /tmp//fd.tar.xz
[+] Debug:		 Cleanning up data /tmp//fd-v8.3.2-x86_64-unknown-linux-musl
[*] Info:		 Forcing shellcheck install
[*] Info:		 Getting shellcheck
[+] Debug:		 Fetching https://github.com/koalaman/shellcheck/releases/download/latest/shellcheck-latest.linux.x86_64.tar.xz
[+] Debug:		 Removing /tmp//shellcheck-latest.linux.x86_64.tar.xz
[+] Debug:		 Downloading Shellcheck
[+] Debug:		 Extracting into /tmp//shellcheck-latest.linux.x86_64.tar.xz
[+] Debug:		 Cleanning up pkg /tmp//shellcheck-latest.linux.x86_64.tar.xz
[+] Debug:		 Cleanning up data /tmp//shellcheck-latest/
[*] Info:		 Forcing texlab install
[*] Info:		 Getting texlab
[*] Info:		 Downloading texlab version: v3.3.1
[+] Debug:		 Fetching https://github.com/latex-lsp/texlab/releases/download/v3.3.1/texlab-x86_64-linux.tar.gz
[+] Debug:		 Removing /tmp//texlab.tar.gz
[+] Debug:		 Downloading texlab
[+] Debug:		 Extracting into /tmp//texlab.tar.gz
[+] Debug:		 Cleanning up pkg /tmp//texlab.tar.gz
[*] Info:		 Getting minio client
[+] Debug:		 Fetching https://dl.min.io/client/mc/release/linux-amd64/mc
[+] Debug:		 Removing /home/runner/.local/bin/mc
[+] Debug:		 Downloading MinioClient
[*] Info:		 Forcing jq install
[*] Info:		 Getting jq
[*] Info:		 Downloading jq version: jq-1.6
[+] Debug:		 Fetching https://github.com/stedolan/jq/releases/download/jq-1.6/jq-linux64
[+] Debug:		 Removing /tmp//jq
[+] Debug:		 Downloading jq
[*] Info:		 Forcing efm-langserver install
[*] Info:		 Getting efm-langserver
[*] Info:		 Downloading efm-langserver version: v0.0.40
[+] Debug:		 Fetching https://github.com/mattn/efm-langserver/releases/download/v0.0.40/efm-langserver_v0.0.40_linux_amd64.tar.gz
[+] Debug:		 Removing /tmp//efm-langserver.tar.gz
[+] Debug:		 Downloading efm-langserver
[+] Debug:		 Extracting into /tmp//efm-langserver.tar.gz
[+] Debug:		 Cleanning up pkg /tmp//efm-langserver.tar.gz
[*] Info:		 Forcing github cli install
[*] Info:		 Getting gh
[*] Info:		 Downloading github cli version: 2.5.0
[+] Debug:		 Fetching https://github.com/cli/cli/releases/download/v2.5.0/gh_2.5.0_linux_amd64.tar.gz
[+] Debug:		 Removing /tmp//gh.tar.gz
[+] Debug:		 Downloading gh
[+] Debug:		 Extracting into /tmp//gh.tar.gz
[+] Debug:		 Cleanning up pkg /tmp//gh.tar.gz
[*] Info:		 Forcing shfmt install
[*] Info:		 Getting shfmt
[*] Info:		 Downloading shfmt version: v3.4.2
[+] Debug:		 Fetching https://github.com/mvdan/sh/releases/download/v3.4.2/shfmt_v3.4.2_linux_amd64
[+] Debug:		 Removing /tmp//shfmt
[+] Debug:		 Downloading shfmt
[*] Info:		 Forcing stylua install
[*] Info:		 Getting stylua
[*] Info:		 Downloading stylua version: v0.12.1
[+] Debug:		 Fetching https://github.com/johnnymorganz/stylua/releases/download/v0.12.1/stylua-0.12.1-linux.zip
[+] Debug:		 Removing /tmp//stylua.zip
[+] Debug:		 Downloading stylua
[+] Debug:		 Extracting into /tmp//stylua.zip
[+] Debug:		 Cleanning up pkg /tmp//stylua.zip
